[     387ms] [LOG] %c
▲

__  __                                     _            __
\ \/ /___  __  __   _________ _____       (_)_  _______/ /_
 \  / __ \/ / / /  / ___/ __ `/ __ \     / / / / / ___/ __/
 / / /_/ / /_/ /  / /__/ /_/ / / / /    / / /_/ (__  ) /_
/_/\____/\__,_/   \___/\__,_/_/ /_/  __/ /\__,_/____/\__/
         __    _          __  __    /___/
   _____/ /_  (_)___     / /_/ /_  (_)___  ____ ______
  / ___/ __ \/ / __ \   / __/ __ \/ / __ \/ __ `/ ___/
 (__  ) / / / / /_/ /  / /_/ / / / / / / / /_/ (__  )
/____/_/ /_/_/ .___/   \__/_/ /_/_/_/ /_/\__, /____/
            /_/                         /____/
  

Hello!

- Open Source https://vercel.com/oss
- Careers https://vercel.com/careers
- Status https://vercel-status.com

 font-family: "Geist Mono", monospace; white-space: pre; line-height: 1; @ https://vercel.com/_next/static/immutable/chunks/1bfsdnun77trp.js:78
[     771ms] [WARNING] Deprecated API for given entry type. @ https://vercel.com/_next/static/immutable/chunks/3t_14ji9k0zx2.js:18
[    1243ms] [ERROR] Failed to load resource: the server responded with a status of 403 () @ https://vercel.com/api/jwt:0
[    4244ms] [WARNING] The resource https://vercel.com/_next/static/immutable/chunks/311it2br7__8u.css was preloaded using link preload but not used within a few seconds from the window's load event. Please make sure it has an appropriate `as` value and it is preloaded intentionally. @ https://vercel.com/oauth/authorize?client_id=cl_WbdtcToDrMR4ZHvXLGAmbfoYCsQjMeS8&response_type=code&redirect_uri=http%3A%2F%2Flocalhost%3A18789%2Fcallback&scope=openid+email+offline_access+profile&code_challenge=wyh7pmQgZzjI0JseQ7SNAtSmDizPeIXjFGVDZkcY-kY&code_challenge_method=S256&state=_G038Zu0xcS89oUnL5R6zw:0
[    4244ms] [WARNING] The resource https://vercel.com/_next/static/immutable/chunks/2xbfzgewmgp31.css was preloaded using link preload but not used within a few seconds from the window's load event. Please make sure it has an appropriate `as` value and it is preloaded intentionally. @ https://vercel.com/oauth/authorize?client_id=cl_WbdtcToDrMR4ZHvXLGAmbfoYCsQjMeS8&response_type=code&redirect_uri=http%3A%2F%2Flocalhost%3A18789%2Fcallback&scope=openid+email+offline_access+profile&code_challenge=wyh7pmQgZzjI0JseQ7SNAtSmDizPeIXjFGVDZkcY-kY&code_challenge_method=S256&state=_G038Zu0xcS89oUnL5R6zw:0
[   14312ms] [WARNING] The resource https://vercel.com/_next/static/immutable/chunks/311it2br7__8u.css was preloaded using link preload but not used within a few seconds from the window's load event. Please make sure it has an appropriate `as` value and it is preloaded intentionally. @ https://vercel.com/oauth/authorize?client_id=cl_WbdtcToDrMR4ZHvXLGAmbfoYCsQjMeS8&response_type=code&redirect_uri=http%3A%2F%2Flocalhost%3A18789%2Fcallback&scope=openid+email+offline_access+profile&code_challenge=wyh7pmQgZzjI0JseQ7SNAtSmDizPeIXjFGVDZkcY-kY&code_challenge_method=S256&state=_G038Zu0xcS89oUnL5R6zw:0
[   14312ms] [WARNING] The resource https://vercel.com/_next/static/immutable/chunks/2xbfzgewmgp31.css was preloaded using link preload but not used within a few seconds from the window's load event. Please make sure it has an appropriate `as` value and it is preloaded intentionally. @ https://vercel.com/oauth/authorize?client_id=cl_WbdtcToDrMR4ZHvXLGAmbfoYCsQjMeS8&response_type=code&redirect_uri=http%3A%2F%2Flocalhost%3A18789%2Fcallback&scope=openid+email+offline_access+profile&code_challenge=wyh7pmQgZzjI0JseQ7SNAtSmDizPeIXjFGVDZkcY-kY&code_challenge_method=S256&state=_G038Zu0xcS89oUnL5R6zw:0
